2022-09-12 22:13:09.534  INFO 50145 --- [restartedMain] com.nnk.springboot.Application           : Starting Application using Java 11.0.9 on MacBook-Pro-de-TLILI.local with PID 50145 (/Users/tlili/Desktop/Poseidon/Poseiden-skeleton/target/classes started by tlili in /Users/tlili/Desktop/Poseidon)
2022-09-12 22:13:09.542 DEBUG 50145 --- [restartedMain] com.nnk.springboot.Application           : Running with Spring Boot v2.5.6, Spring v5.3.12
2022-09-12 22:13:09.547  INFO 50145 --- [restartedMain] com.nnk.springboot.Application           : No active profile set, falling back to default profiles: default
2022-09-12 22:13:09.625  INFO 50145 --- [restartedMain] .e.DevToolsPropertyDefaultsPostProcessor : Devtools property defaults active! Set 'spring.devtools.add-properties' to 'false' to disable
2022-09-12 22:13:10.533  INFO 50145 --- [restartedMain] .s.d.r.c.RepositoryConfigurationDelegate : Bootstrapping Spring Data JPA repositories in DEFAULT mode.
2022-09-12 22:13:10.624  INFO 50145 --- [restartedMain] .s.d.r.c.RepositoryConfigurationDelegate : Finished Spring Data repository scanning in 76 ms. Found 6 JPA repository interfaces.
2022-09-12 22:13:11.378  INFO 50145 --- [restartedMain] o.s.b.w.embedded.tomcat.TomcatWebServer  : Tomcat initialized with port(s): 8080 (http)
2022-09-12 22:13:11.391  INFO 50145 --- [restartedMain] o.apache.catalina.core.StandardService   : Starting service [Tomcat]
2022-09-12 22:13:11.392  INFO 50145 --- [restartedMain] org.apache.catalina.core.StandardEngine  : Starting Servlet engine: [Apache Tomcat/9.0.54]
2022-09-12 22:13:11.479  INFO 50145 --- [restartedMain] o.a.c.c.C.[Tomcat].[localhost].[/]       : Initializing Spring embedded WebApplicationContext
2022-09-12 22:13:11.479  INFO 50145 --- [restartedMain] w.s.c.ServletWebServerApplicationContext : Root WebApplicationContext: initialization completed in 1853 ms
2022-09-12 22:13:11.502 DEBUG 50145 --- [restartedMain] o.s.b.w.s.ServletContextInitializerBeans : Mapping filters: springSecurityFilterChain urls=[/*] order=-100, characterEncodingFilter urls=[/*] order=-2147483648, formContentFilter urls=[/*] order=-9900, requestContextFilter urls=[/*] order=-105
2022-09-12 22:13:11.502 DEBUG 50145 --- [restartedMain] o.s.b.w.s.ServletContextInitializerBeans : Mapping servlets: dispatcherServlet urls=[/]
2022-09-12 22:13:12.092  INFO 50145 --- [restartedMain] com.zaxxer.hikari.HikariDataSource       : HikariPool-1 - Starting...
2022-09-12 22:13:12.098  WARN 50145 --- [restartedMain] com.zaxxer.hikari.util.DriverDataSource  : Registered driver with driverClassName=com.mysql.jdbc.Driver was not found, trying direct instantiation.
2022-09-12 22:13:12.727  INFO 50145 --- [restartedMain] com.zaxxer.hikari.HikariDataSource       : HikariPool-1 - Start completed.
2022-09-12 22:13:13.809  INFO 50145 --- [restartedMain] j.LocalContainerEntityManagerFactoryBean : Initialized JPA EntityManagerFactory for persistence unit 'default'
2022-09-12 22:13:14.186  WARN 50145 --- [restartedMain] JpaBaseConfiguration$JpaWebConfiguration : spring.jpa.open-in-view is enabled by default. Therefore, database queries may be performed during view rendering. Explicitly configure spring.jpa.open-in-view to disable this warning
2022-09-12 22:13:14.326 DEBUG 50145 --- [restartedMain] s.w.s.m.m.a.RequestMappingHandlerAdapter : ControllerAdvice beans: 0 @ModelAttribute, 0 @InitBinder, 1 RequestBodyAdvice, 1 ResponseBodyAdvice
2022-09-12 22:13:14.412 DEBUG 50145 --- [restartedMain] s.w.s.m.m.a.RequestMappingHandlerMapping : 43 mappings in 'requestMappingHandlerMapping'
2022-09-12 22:13:14.448 DEBUG 50145 --- [restartedMain] o.s.w.s.handler.SimpleUrlHandlerMapping  : Patterns [/webjars/**, /**] in 'resourceHandlerMapping'
2022-09-12 22:13:14.462 DEBUG 50145 --- [restartedMain] .m.m.a.ExceptionHandlerExceptionResolver : ControllerAdvice beans: 0 @ExceptionHandler, 1 ResponseBodyAdvice
2022-09-12 22:13:14.696  INFO 50145 --- [restartedMain] .s.s.UserDetailsServiceAutoConfiguration : 

Using generated security password: ad87b946-ebe7-4ce2-999b-b871aa0b7a29

2022-09-12 22:13:14.868  INFO 50145 --- [restartedMain] o.s.s.web.DefaultSecurityFilterChain     : Will secure any request with [org.springframework.security.web.context.request.async.WebAsyncManagerIntegrationFilter@aa0146f, org.springframework.security.web.context.SecurityContextPersistenceFilter@33870540, org.springframework.security.web.header.HeaderWriterFilter@cc0ba6f, org.springframework.security.web.csrf.CsrfFilter@35240eed, org.springframework.security.web.authentication.logout.LogoutFilter@6a1222a3, org.springframework.security.web.authentication.UsernamePasswordAuthenticationFilter@1390c1cb, org.springframework.security.web.authentication.ui.DefaultLoginPageGeneratingFilter@52c6a828, org.springframework.security.web.authentication.ui.DefaultLogoutPageGeneratingFilter@308f5298, org.springframework.security.web.authentication.www.BasicAuthenticationFilter@4d01e43b, org.springframework.security.web.savedrequest.RequestCacheAwareFilter@31b0f915, org.springframework.security.web.servletapi.SecurityContextHolderAwareRequestFilter@2df9429e, org.springframework.security.web.authentication.AnonymousAuthenticationFilter@726d488e, org.springframework.security.web.session.SessionManagementFilter@713fcd23, org.springframework.security.web.access.ExceptionTranslationFilter@e8eda3a, org.springframework.security.web.access.intercept.FilterSecurityInterceptor@19f471ee]
2022-09-12 22:13:14.936  INFO 50145 --- [restartedMain] o.s.b.d.a.OptionalLiveReloadServer       : LiveReload server is running on port 35729
2022-09-12 22:13:14.992  INFO 50145 --- [restartedMain] o.s.b.w.embedded.tomcat.TomcatWebServer  : Tomcat started on port(s): 8080 (http) with context path ''
2022-09-12 22:13:15.006  INFO 50145 --- [restartedMain] com.nnk.springboot.Application           : Started Application in 6.122 seconds (JVM running for 7.662)
2022-09-12 22:59:36.885  WARN 50145 --- [HikariPool-1 housekeeper] com.zaxxer.hikari.pool.HikariPool        : HikariPool-1 - Thread starvation or clock leap detected (housekeeper delta=1m53s743ms).
2022-09-12 23:40:35.972  INFO 50145 --- [SpringApplicationShutdownHook] j.LocalContainerEntityManagerFactoryBean : Closing JPA EntityManagerFactory for persistence unit 'default'
2022-09-12 23:40:35.982  INFO 50145 --- [SpringApplicationShutdownHook] com.zaxxer.hikari.HikariDataSource       : HikariPool-1 - Shutdown initiated...
2022-09-12 23:40:35.994  INFO 50145 --- [SpringApplicationShutdownHook] com.zaxxer.hikari.HikariDataSource       : HikariPool-1 - Shutdown completed.
2022-09-12 23:40:41.649  INFO 51703 --- [restartedMain] com.nnk.springboot.Application           : Starting Application using Java 11.0.9 on MacBook-Pro-de-TLILI.local with PID 51703 (/Users/tlili/Desktop/Poseidon/Poseiden-skeleton/target/classes started by tlili in /Users/tlili/Desktop/Poseidon)
2022-09-12 23:40:41.650 DEBUG 51703 --- [restartedMain] com.nnk.springboot.Application           : Running with Spring Boot v2.5.6, Spring v5.3.12
2022-09-12 23:40:41.650  INFO 51703 --- [restartedMain] com.nnk.springboot.Application           : No active profile set, falling back to default profiles: default
2022-09-12 23:40:41.725  INFO 51703 --- [restartedMain] .e.DevToolsPropertyDefaultsPostProcessor : Devtools property defaults active! Set 'spring.devtools.add-properties' to 'false' to disable
2022-09-12 23:40:42.586  INFO 51703 --- [restartedMain] .s.d.r.c.RepositoryConfigurationDelegate : Bootstrapping Spring Data JPA repositories in DEFAULT mode.
2022-09-12 23:40:42.661  INFO 51703 --- [restartedMain] .s.d.r.c.RepositoryConfigurationDelegate : Finished Spring Data repository scanning in 63 ms. Found 6 JPA repository interfaces.
2022-09-12 23:40:43.291  INFO 51703 --- [restartedMain] o.s.b.w.embedded.tomcat.TomcatWebServer  : Tomcat initialized with port(s): 8080 (http)
2022-09-12 23:40:43.305  INFO 51703 --- [restartedMain] o.apache.catalina.core.StandardService   : Starting service [Tomcat]
2022-09-12 23:40:43.305  INFO 51703 --- [restartedMain] org.apache.catalina.core.StandardEngine  : Starting Servlet engine: [Apache Tomcat/9.0.54]
2022-09-12 23:40:43.394  INFO 51703 --- [restartedMain] o.a.c.c.C.[Tomcat].[localhost].[/]       : Initializing Spring embedded WebApplicationContext
2022-09-12 23:40:43.394  INFO 51703 --- [restartedMain] w.s.c.ServletWebServerApplicationContext : Root WebApplicationContext: initialization completed in 1667 ms
2022-09-12 23:40:43.418 DEBUG 51703 --- [restartedMain] o.s.b.w.s.ServletContextInitializerBeans : Mapping filters: springSecurityFilterChain urls=[/*] order=-100, characterEncodingFilter urls=[/*] order=-2147483648, formContentFilter urls=[/*] order=-9900, requestContextFilter urls=[/*] order=-105
2022-09-12 23:40:43.418 DEBUG 51703 --- [restartedMain] o.s.b.w.s.ServletContextInitializerBeans : Mapping servlets: dispatcherServlet urls=[/]
2022-09-12 23:40:43.919  INFO 51703 --- [restartedMain] com.zaxxer.hikari.HikariDataSource       : HikariPool-1 - Starting...
2022-09-12 23:40:43.923  WARN 51703 --- [restartedMain] com.zaxxer.hikari.util.DriverDataSource  : Registered driver with driverClassName=com.mysql.jdbc.Driver was not found, trying direct instantiation.
2022-09-12 23:40:44.214  INFO 51703 --- [restartedMain] com.zaxxer.hikari.HikariDataSource       : HikariPool-1 - Start completed.
2022-09-12 23:40:45.050  INFO 51703 --- [restartedMain] j.LocalContainerEntityManagerFactoryBean : Initialized JPA EntityManagerFactory for persistence unit 'default'
2022-09-12 23:40:45.102  WARN 51703 --- [restartedMain] JpaBaseConfiguration$JpaWebConfiguration : spring.jpa.open-in-view is enabled by default. Therefore, database queries may be performed during view rendering. Explicitly configure spring.jpa.open-in-view to disable this warning
2022-09-12 23:40:45.708  INFO 51703 --- [restartedMain] o.s.s.web.DefaultSecurityFilterChain     : Will secure Ant [pattern='/css/**'] with []
2022-09-12 23:40:45.720  WARN 51703 --- [restartedMain] ConfigServletWebServerApplicationContext : Exception encountered during context initialization - cancelling refresh attempt: org.springframework.beans.factory.BeanCreationException: Error creating bean with name 'springSecurityFilterChain' defined in class path resource [org/springframework/security/config/annotation/web/configuration/WebSecurityConfiguration.class]: Bean instantiation via factory method failed; nested exception is org.springframework.beans.BeanInstantiationException: Failed to instantiate [javax.servlet.Filter]: Factory method 'springSecurityFilterChain' threw exception; nested exception is org.springframework.beans.factory.NoSuchBeanDefinitionException: No qualifying bean of type 'org.springframework.security.oauth2.client.registration.ClientRegistrationRepository' available
2022-09-12 23:40:45.722  INFO 51703 --- [restartedMain] j.LocalContainerEntityManagerFactoryBean : Closing JPA EntityManagerFactory for persistence unit 'default'
2022-09-12 23:40:45.725  INFO 51703 --- [restartedMain] com.zaxxer.hikari.HikariDataSource       : HikariPool-1 - Shutdown initiated...
2022-09-12 23:40:45.739  INFO 51703 --- [restartedMain] com.zaxxer.hikari.HikariDataSource       : HikariPool-1 - Shutdown completed.
2022-09-12 23:40:45.741  INFO 51703 --- [restartedMain] o.apache.catalina.core.StandardService   : Stopping service [Tomcat]
2022-09-12 23:40:45.751  INFO 51703 --- [restartedMain] ConditionEvaluationReportLoggingListener : 

Error starting ApplicationContext. To display the conditions report re-run your application with 'debug' enabled.
2022-09-12 23:40:45.779 ERROR 51703 --- [restartedMain] o.s.b.d.LoggingFailureAnalysisReporter   : 

***************************
APPLICATION FAILED TO START
***************************

Description:

Method springSecurityFilterChain in org.springframework.security.config.annotation.web.configuration.WebSecurityConfiguration required a bean of type 'org.springframework.security.oauth2.client.registration.ClientRegistrationRepository' that could not be found.


Action:

Consider defining a bean of type 'org.springframework.security.oauth2.client.registration.ClientRegistrationRepository' in your configuration.

2022-09-12 23:41:53.453  INFO 51736 --- [restartedMain] com.nnk.springboot.Application           : Starting Application using Java 11.0.9 on MacBook-Pro-de-TLILI.local with PID 51736 (/Users/tlili/Desktop/Poseidon/Poseiden-skeleton/target/classes started by tlili in /Users/tlili/Desktop/Poseidon)
2022-09-12 23:41:53.454 DEBUG 51736 --- [restartedMain] com.nnk.springboot.Application           : Running with Spring Boot v2.5.6, Spring v5.3.12
2022-09-12 23:41:53.455  INFO 51736 --- [restartedMain] com.nnk.springboot.Application           : No active profile set, falling back to default profiles: default
2022-09-12 23:41:53.519  INFO 51736 --- [restartedMain] .e.DevToolsPropertyDefaultsPostProcessor : Devtools property defaults active! Set 'spring.devtools.add-properties' to 'false' to disable
2022-09-12 23:41:54.456  INFO 51736 --- [restartedMain] .s.d.r.c.RepositoryConfigurationDelegate : Bootstrapping Spring Data JPA repositories in DEFAULT mode.
2022-09-12 23:41:54.541  INFO 51736 --- [restartedMain] .s.d.r.c.RepositoryConfigurationDelegate : Finished Spring Data repository scanning in 71 ms. Found 6 JPA repository interfaces.
2022-09-12 23:41:55.186  INFO 51736 --- [restartedMain] o.s.b.w.embedded.tomcat.TomcatWebServer  : Tomcat initialized with port(s): 8080 (http)
2022-09-12 23:41:55.199  INFO 51736 --- [restartedMain] o.apache.catalina.core.StandardService   : Starting service [Tomcat]
2022-09-12 23:41:55.199  INFO 51736 --- [restartedMain] org.apache.catalina.core.StandardEngine  : Starting Servlet engine: [Apache Tomcat/9.0.54]
2022-09-12 23:41:55.283  INFO 51736 --- [restartedMain] o.a.c.c.C.[Tomcat].[localhost].[/]       : Initializing Spring embedded WebApplicationContext
2022-09-12 23:41:55.284  INFO 51736 --- [restartedMain] w.s.c.ServletWebServerApplicationContext : Root WebApplicationContext: initialization completed in 1764 ms
2022-09-12 23:41:55.304 DEBUG 51736 --- [restartedMain] o.s.b.w.s.ServletContextInitializerBeans : Mapping filters: springSecurityFilterChain urls=[/*] order=-100, characterEncodingFilter urls=[/*] order=-2147483648, formContentFilter urls=[/*] order=-9900, requestContextFilter urls=[/*] order=-105
2022-09-12 23:41:55.304 DEBUG 51736 --- [restartedMain] o.s.b.w.s.ServletContextInitializerBeans : Mapping servlets: dispatcherServlet urls=[/]
2022-09-12 23:41:55.827  INFO 51736 --- [restartedMain] com.zaxxer.hikari.HikariDataSource       : HikariPool-1 - Starting...
2022-09-12 23:41:55.832  WARN 51736 --- [restartedMain] com.zaxxer.hikari.util.DriverDataSource  : Registered driver with driverClassName=com.mysql.jdbc.Driver was not found, trying direct instantiation.
2022-09-12 23:41:56.148  INFO 51736 --- [restartedMain] com.zaxxer.hikari.HikariDataSource       : HikariPool-1 - Start completed.
2022-09-12 23:41:57.051  INFO 51736 --- [restartedMain] j.LocalContainerEntityManagerFactoryBean : Initialized JPA EntityManagerFactory for persistence unit 'default'
2022-09-12 23:41:57.097  WARN 51736 --- [restartedMain] JpaBaseConfiguration$JpaWebConfiguration : spring.jpa.open-in-view is enabled by default. Therefore, database queries may be performed during view rendering. Explicitly configure spring.jpa.open-in-view to disable this warning
2022-09-12 23:41:57.749  INFO 51736 --- [restartedMain] o.s.s.web.DefaultSecurityFilterChain     : Will secure Ant [pattern='/css/**'] with []
2022-09-12 23:41:57.787  INFO 51736 --- [restartedMain] o.s.s.web.DefaultSecurityFilterChain     : Will secure any request with [org.springframework.security.web.context.request.async.WebAsyncManagerIntegrationFilter@79ddfe78, org.springframework.security.web.context.SecurityContextPersistenceFilter@272bb684, org.springframework.security.web.header.HeaderWriterFilter@4712aa5d, org.springframework.security.web.authentication.logout.LogoutFilter@714489f1, org.springframework.security.web.authentication.UsernamePasswordAuthenticationFilter@510d735f, org.springframework.security.web.savedrequest.RequestCacheAwareFilter@117c251b, org.springframework.security.web.servletapi.SecurityContextHolderAwareRequestFilter@5ed63543, org.springframework.security.web.authentication.AnonymousAuthenticationFilter@60863c53, org.springframework.security.web.session.SessionManagementFilter@26846f54, org.springframework.security.web.access.ExceptionTranslationFilter@738ef941, org.springframework.security.web.access.intercept.FilterSecurityInterceptor@af0f022]
2022-09-12 23:41:57.924 DEBUG 51736 --- [restartedMain] s.w.s.m.m.a.RequestMappingHandlerAdapter : ControllerAdvice beans: 0 @ModelAttribute, 0 @InitBinder, 1 RequestBodyAdvice, 1 ResponseBodyAdvice
2022-09-12 23:41:58.008 DEBUG 51736 --- [restartedMain] s.w.s.m.m.a.RequestMappingHandlerMapping : 43 mappings in 'requestMappingHandlerMapping'
2022-09-12 23:41:58.043 DEBUG 51736 --- [restartedMain] o.s.w.s.handler.SimpleUrlHandlerMapping  : Patterns [/webjars/**, /**] in 'resourceHandlerMapping'
2022-09-12 23:41:58.054 DEBUG 51736 --- [restartedMain] .m.m.a.ExceptionHandlerExceptionResolver : ControllerAdvice beans: 0 @ExceptionHandler, 1 ResponseBodyAdvice
2022-09-12 23:41:58.181  INFO 51736 --- [restartedMain] o.s.b.d.a.OptionalLiveReloadServer       : LiveReload server is running on port 35729
2022-09-12 23:41:58.223  INFO 51736 --- [restartedMain] o.s.b.w.embedded.tomcat.TomcatWebServer  : Tomcat started on port(s): 8080 (http) with context path ''
2022-09-12 23:41:58.235  INFO 51736 --- [restartedMain] com.nnk.springboot.Application           : Started Application in 5.403 seconds (JVM running for 6.36)
